21:25:29.149 [main] INFO  org.testng.internal.Utils - [Utils] MethodGroupsHelper.collectMethodsByGroup() took 10 ms.
21:25:29.241 [main] INFO  org.testng.internal.Utils - [Utils] MethodGroupsHelper.sortMethods() took 68 ms.
21:25:29.250 [main] INFO  org.testng.internal.Utils - [Utils] MethodGroupsHelper.collectMethodsByGroup() took 1 ms.
21:25:29.251 [main] INFO  org.testng.internal.Utils - [Utils] MethodGroupsHelper.sortMethods() took 0 ms.
21:25:29.259 [main] INFO  org.testng.internal.Utils - [Utils] MethodGroupsHelper.collectMethodsByGroup() took 0 ms.
21:25:29.259 [main] INFO  org.testng.internal.Utils - [Utils] MethodGroupsHelper.sortMethods() took 0 ms.
21:25:29.265 [main] INFO  org.testng.internal.Utils - [Utils] MethodGroupsHelper.collectMethodsByGroup() took 0 ms.
21:25:29.267 [main] INFO  org.testng.internal.Utils - [Utils] MethodGroupsHelper.sortMethods() took 0 ms.
21:25:29.275 [main] INFO  org.testng.internal.Utils - [Utils] MethodGroupsHelper.collectMethodsByGroup() took 0 ms.
21:25:29.275 [main] INFO  org.testng.internal.Utils - [Utils] MethodGroupsHelper.sortMethods() took 0 ms.
21:25:29.276 [main] INFO  org.testng.internal.Utils - [Utils] MethodGroupsHelper.collectMethodsByGroup() took 0 ms.
21:25:29.277 [main] INFO  org.testng.internal.Utils - [Utils] MethodGroupsHelper.sortMethods() took 0 ms.
21:25:29.321 [main] INFO  org.testng.internal.Utils - [Utils] MethodGroupsHelper.collectMethodsByGroup() took 0 ms.
21:25:29.322 [main] INFO  org.testng.internal.Utils - [Utils] MethodGroupsHelper.sortMethods() took 0 ms.
21:25:29.323 [main] INFO  org.testng.internal.Utils - [Utils] MethodGroupsHelper.collectMethodsByGroup() took 0 ms.
21:25:29.326 [main] INFO  org.testng.internal.Utils - [Utils] MethodGroupsHelper.sortMethods() took 1 ms.
21:25:29.329 [main] INFO  org.testng.internal.Utils - [Utils] MethodGroupsHelper.collectMethodsByGroup() took 0 ms.
21:25:29.331 [main] INFO  org.testng.internal.Utils - [Utils] MethodGroupsHelper.sortMethods() took 1 ms.
21:25:29.337 [main] INFO  org.testng.internal.Utils - [Utils] MethodGroupsHelper.collectMethodsByGroup() took 0 ms.
21:25:29.338 [main] INFO  org.testng.internal.Utils - [Utils] MethodGroupsHelper.sortMethods() took 0 ms.
21:25:29.339 [main] INFO  org.testng.internal.Utils - [Utils] MethodGroupsHelper.collectMethodsByGroup() took 0 ms.
21:25:29.339 [main] INFO  org.testng.internal.Utils - [Utils] MethodGroupsHelper.sortMethods() took 0 ms.
21:25:29.372 [main] INFO  org.testng.internal.Utils - [TestNG] Running:
  C:\Users\Parthi\AppData\Local\Temp\testng-eclipse-1256963863\testng-customsuite.xml

21:25:29.471 [main] INFO  org.testng.internal.Utils - [Utils] DynamicGraphHelper.createDynamicGraph() took 17 ms.
21:25:30.730 [main] INFO  org.testng.internal.Utils - [TestNG] Time taken by org.testng.reporters.jq.Main@293d0107: 737 ms
21:25:30.783 [main] INFO  org.testng.internal.Utils - [TestNG] Time taken by org.testng.reporters.FailedReporter@5536379e: 52 ms
21:25:30.821 [main] INFO  org.testng.internal.Utils - [TestNG] Time taken by org.testng.reporters.XMLReporter@6ca0256d: 37 ms
21:25:30.884 [main] INFO  org.testng.internal.Utils - [TestNG] Time taken by org.testng.reporters.EmailableReporter2@7adf16aa: 61 ms
21:25:30.920 [main] INFO  org.testng.internal.Utils - [TestNG] Time taken by org.testng.reporters.JUnitReportReporter@2c104774: 36 ms
21:25:30.921 [main] INFO  org.testng.internal.Utils - [TestNG] Time taken by org.testng.internal.ExitCodeListener@2cb3d0f7: 0 ms
21:25:44.411 [main] DEBUG org.testng.TestNG - suiteXmlPath: "C:\Users\Parthi\Desktop\rithik\STA workspace\Opencart-1.1.1\master.xml"
21:25:45.692 [main] INFO  org.testng.internal.Utils - [TestNG] Running:
  C:\Users\Parthi\Desktop\rithik\STA workspace\Opencart-1.1.1\master.xml

21:26:43.444 [main] DEBUG org.testng.TestNG - suiteXmlPath: "C:\Users\Parthi\Desktop\rithik\STA workspace\Opencart-1.1.1\master.xml"
21:26:44.765 [main] INFO  org.testng.internal.Utils - [TestNG] Running:
  C:\Users\Parthi\Desktop\rithik\STA workspace\Opencart-1.1.1\master.xml

21:27:34.477 [main] DEBUG org.testng.TestNG - suiteXmlPath: "C:\Users\Parthi\Desktop\rithik\STA workspace\Opencart-1.1.1\master.xml"
21:27:35.660 [main] INFO  org.testng.internal.Utils - [TestNG] Running:
  C:\Users\Parthi\Desktop\rithik\STA workspace\Opencart-1.1.1\master.xml

21:27:59.762 [main] INFO  testCases.TC001_AccountRegistrationTest - *********** Starting TC001_AccountRegistrationTest **************
21:28:02.516 [main] INFO  testCases.TC001_AccountRegistrationTest - Clicked on MyAccount link.....
21:28:04.185 [main] INFO  testCases.TC001_AccountRegistrationTest - Clicked on Register link.....
21:28:04.191 [main] INFO  testCases.TC001_AccountRegistrationTest - Providing custmoer details for register.....
21:28:10.848 [main] INFO  testCases.TC001_AccountRegistrationTest - Validating expexted message.....
21:28:11.175 [main] INFO  testCases.TC001_AccountRegistrationTest - *********** Finished TC001_AccountRegistrationTest **************
