21:10:58.541 [TestNG-tests-1] INFO  testCases.TC001_AccountRegistrationTest - Clicked on Register link.....
21:10:58.624 [TestNG-tests-1] INFO  testCases.TC001_AccountRegistrationTest - Providing custmoer details for register.....
21:11:05.705 [TestNG-tests-1] INFO  testCases.TC001_AccountRegistrationTest - Validating expexted message.....
21:11:05.994 [TestNG-tests-1] INFO  testCases.TC001_AccountRegistrationTest - *********** Finished TC001_AccountRegistrationTest **************
21:13:10.358 [main] DEBUG org.testng.TestNG - suiteXmlPath: "C:\Users\Parthi\Desktop\rithik\STA workspace\Opencart-1.1.1\crossbrowserTesting.xml"
21:13:13.934 [main] INFO  org.testng.internal.Utils - [TestNG] Running:
  C:\Users\Parthi\Desktop\rithik\STA workspace\Opencart-1.1.1\crossbrowserTesting.xml

21:13:18.777 [TestNG-tests-2] INFO  testCases.TC001_AccountRegistrationTest - *********** Starting TC001_AccountRegistrationTest **************
21:19:28.995 [main] DEBUG org.testng.TestNG - suiteXmlPath: "C:\Users\Parthi\Desktop\rithik\STA workspace\Opencart-1.1.1\crossbrowserTesting.xml"
21:19:30.298 [main] INFO  org.testng.internal.Utils - [TestNG] Running:
  C:\Users\Parthi\Desktop\rithik\STA workspace\Opencart-1.1.1\crossbrowserTesting.xml

21:19:31.674 [TestNG-tests-2] INFO  testCases.TC001_AccountRegistrationTest - *********** Starting TC001_AccountRegistrationTest **************
19:39:15.770 [main] DEBUG org.testng.TestNG - suiteXmlPath: "C:\Users\Parthi\Desktop\rithik\STA workspace\Opencart-1.1.1\master.xml"
19:41:24.782 [main] INFO  testCases.TC001_AccountRegistrationTest - *********** Starting TC001_AccountRegistrationTest **************
19:41:27.442 [main] INFO  testCases.TC001_AccountRegistrationTest - Clicked on MyAccount link.....
19:41:29.706 [main] INFO  testCases.TC001_AccountRegistrationTest - Clicked on Register link.....
19:41:29.786 [main] INFO  testCases.TC001_AccountRegistrationTest - Providing custmoer details for register.....
19:41:38.507 [main] INFO  testCases.TC001_AccountRegistrationTest - Validating expexted message.....
19:41:38.772 [main] INFO  testCases.TC001_AccountRegistrationTest - *********** Finished TC001_AccountRegistrationTest **************
19:42:07.744 [main] INFO  testCases.TC002_LoginTest - ***********************   Start testing TC002_LoginTest  *************************
19:42:14.400 [main] INFO  testCases.TC002_LoginTest - ***********************   finished testing TC002_LoginTest  *************************
19:58:22.623 [main] DEBUG org.testng.TestNG - suiteXmlPath: "C:\Users\Parthi\Desktop\rithik\STA workspace\Opencart-1.1.1\master.xml"
19:59:28.360 [main] INFO  testCases.TC001_AccountRegistrationTest - *********** Starting TC001_AccountRegistrationTest **************
19:59:30.250 [main] INFO  testCases.TC001_AccountRegistrationTest - Clicked on MyAccount link.....
19:59:32.002 [main] INFO  testCases.TC001_AccountRegistrationTest - Clicked on Register link.....
19:59:32.038 [main] INFO  testCases.TC001_AccountRegistrationTest - Providing custmoer details for register.....
19:59:38.294 [main] INFO  testCases.TC001_AccountRegistrationTest - Validating expexted message.....
19:59:38.673 [main] INFO  testCases.TC001_AccountRegistrationTest - *********** Finished TC001_AccountRegistrationTest **************
20:00:01.019 [main] INFO  testCases.TC002_LoginTest - ***********************   Start testing TC002_LoginTest  *************************
20:00:08.800 [main] INFO  testCases.TC002_LoginTest - ***********************   finished testing TC002_LoginTest  *************************
20:04:24.220 [main] DEBUG org.testng.TestNG - suiteXmlPath: "C:\Users\Parthi\Desktop\rithik\STA workspace\Opencart-1.1.1\master.xml"
20:04:54.037 [main] INFO  testCases.TC001_AccountRegistrationTest - *********** Starting TC001_AccountRegistrationTest **************
20:04:56.467 [main] INFO  testCases.TC001_AccountRegistrationTest - Clicked on MyAccount link.....
20:04:58.372 [main] INFO  testCases.TC001_AccountRegistrationTest - Clicked on Register link.....
20:04:58.392 [main] INFO  testCases.TC001_AccountRegistrationTest - Providing custmoer details for register.....
20:05:04.992 [main] INFO  testCases.TC001_AccountRegistrationTest - Validating expexted message.....
20:05:05.269 [main] INFO  testCases.TC001_AccountRegistrationTest - *********** Finished TC001_AccountRegistrationTest **************
20:05:21.729 [main] INFO  testCases.TC002_LoginTest - ***********************   Start testing TC002_LoginTest  *************************
20:05:27.851 [main] INFO  testCases.TC002_LoginTest - ***********************   finished testing TC002_LoginTest  *************************
20:21:20.608 [main] DEBUG org.testng.TestNG - suiteXmlPath: "C:\Users\Parthi\Desktop\rithik\STA workspace\Opencart-1.1.1\grid docker.xml"
20:21:27.504 [main] INFO  org.testng.internal.Utils - [TestNG] Running:
  C:\Users\Parthi\Desktop\rithik\STA workspace\Opencart-1.1.1\grid docker.xml

20:25:50.246 [main] DEBUG org.testng.TestNG - suiteXmlPath: "C:\Users\Parthi\Desktop\rithik\STA workspace\Opencart-1.1.1\grid docker.xml"
